

Started GET "/assets/rails.png" for 127.0.0.1 at 2012-04-07 14:02:59 +0200
Served asset /rails.png - 200 OK (63ms)


Started GET "/auth/google" for 127.0.0.1 at 2012-04-07 14:03:35 +0200

OAuth::Unauthorized (400 Bad Request):
  oauth (0.4.5) lib/oauth/consumer.rb:219:in `token_request'
  oauth (0.4.5) lib/oauth/consumer.rb:139:in `get_request_token'
  omniauth-google (1.0.1) lib/omniauth/strategies/google.rb:67:in `request_phase'
  omniauth (1.0.3) lib/omniauth/strategy.rb:194:in `request_call'
  omniauth (1.0.3) lib/omniauth/strategy.rb:165:in `call!'
  omniauth (1.0.3) lib/omniauth/strategy.rb:148:in `call'
  omniauth (1.0.3) lib/omniauth/builder.rb:42:in `call'
  actionpack (3.2.0) lib/action_dispatch/middleware/best_standards_support.rb:17:in `call'
  rack (1.4.1) lib/rack/etag.rb:23:in `call'
  rack (1.4.1) lib/rack/conditionalget.rb:25:in `call'
  actionpack (3.2.0) lib/action_dispatch/middleware/head.rb:14:in `call'
  actionpack (3.2.0) lib/action_dispatch/middleware/params_parser.rb:21:in `call'
  actionpack (3.2.0) lib/action_dispatch/middleware/flash.rb:242:in `call'
  rack (1.4.1) lib/rack/session/abstract/id.rb:205:in `context'
  rack (1.4.1) lib/rack/session/abstract/id.rb:200:in `call'
  actionpack (3.2.0) lib/action_dispatch/middleware/cookies.rb:338:in `call'
  activerecord (3.2.0) lib/active_record/query_cache.rb:64:in `call'
  activerecord (3.2.0) lib/active_record/connection_adapters/abstract/connection_pool.rb:443:in `call'
  actionpack (3.2.0) lib/action_dispatch/middleware/callbacks.rb:28:in `block in call'
  activesupport (3.2.0) lib/active_support/callbacks.rb:405:in `_run__922606170__call__1059599937__callbacks'
  activesupport (3.2.0) lib/active_support/callbacks.rb:405:in `__run_callback'
  activesupport (3.2.0) lib/active_support/callbacks.rb:385:in `_run_call_callbacks'
  activesupport (3.2.0) lib/active_support/callbacks.rb:81:in `run_callbacks'
  actionpack (3.2.0) lib/action_dispatch/middleware/callbacks.rb:27:in `call'
  actionpack (3.2.0) lib/action_dispatch/middleware/reloader.rb:65:in `call'
  actionpack (3.2.0) lib/action_dispatch/middleware/remote_ip.rb:31:in `call'
  actionpack (3.2.0) lib/action_dispatch/middleware/debug_exceptions.rb:16:in `call'
  actionpack (3.2.0) lib/action_dispatch/middleware/show_exceptions.rb:56:in `call'
  railties (3.2.0) lib/rails/rack/logger.rb:26:in `call_app'
  railties (3.2.0) lib/rails/rack/logger.rb:16:in `call'
  actionpack (3.2.0) lib/action_dispatch/middleware/request_id.rb:22:in `call'
  rack (1.4.1) lib/rack/methodoverride.rb:21:in `call'
  rack (1.4.1) lib/rack/runtime.rb:17:in `call'
  activesupport (3.2.0) lib/active_support/cache/strategy/local_cache.rb:72:in `call'
  rack (1.4.1) lib/rack/lock.rb:15:in `call'
  actionpack (3.2.0) lib/action_dispatch/middleware/static.rb:53:in `call'
  railties (3.2.0) lib/rails/engine.rb:479:in `call'
  railties (3.2.0) lib/rails/application.rb:220:in `call'
  rack (1.4.1) lib/rack/content_length.rb:14:in `call'
  railties (3.2.0) lib/rails/rack/log_tailer.rb:14:in `call'
  rack (1.4.1) lib/rack/handler/webrick.rb:59:in `service'
  /home/shakes/.rvm/rubies/ruby-1.9.2-p290/lib/ruby/1.9.1/webrick/httpserver.rb:111:in `service'
  /home/shakes/.rvm/rubies/ruby-1.9.2-p290/lib/ruby/1.9.1/webrick/httpserver.rb:70:in `run'
  /home/shakes/.rvm/rubies/ruby-1.9.2-p290/lib/ruby/1.9.1/webrick/server.rb:183:in `block in start_thread'


  Rendered /home/shakes/.rvm/gems/ruby-1.9.2-p290/gems/actionpack-3.2.0/lib/action_dispatch/middleware/templates/rescues/_trace.erb (3.5ms)
  Rendered /home/shakes/.rvm/gems/ruby-1.9.2-p290/gems/actionpack-3.2.0/lib/action_dispatch/middleware/templates/rescues/_request_and_response.erb (27.5ms)
  Rendered /home/shakes/.rvm/gems/ruby-1.9.2-p290/gems/actionpack-3.2.0/lib/action_dispatch/middleware/templates/rescues/diagnostics.erb within rescues/layout (68.1ms)


Started GET "/auth/google" for 127.0.0.1 at 2012-04-07 14:08:23 +0200

OAuth::Unauthorized (400 Bad Request):
  oauth (0.4.5) lib/oauth/consumer.rb:219:in `token_request'
  oauth (0.4.5) lib/oauth/consumer.rb:139:in `get_request_token'
  omniauth-google (1.0.1) lib/omniauth/strategies/google.rb:67:in `request_phase'
  omniauth (1.0.3) lib/omniauth/strategy.rb:194:in `request_call'
  omniauth (1.0.3) lib/omniauth/strategy.rb:165:in `call!'
  omniauth (1.0.3) lib/omniauth/strategy.rb:148:in `call'
  omniauth (1.0.3) lib/omniauth/builder.rb:42:in `call'
  actionpack (3.2.0) lib/action_dispatch/middleware/best_standards_support.rb:17:in `call'
  rack (1.4.1) lib/rack/etag.rb:23:in `call'
  rack (1.4.1) lib/rack/conditionalget.rb:25:in `call'
  actionpack (3.2.0) lib/action_dispatch/middleware/head.rb:14:in `call'
  actionpack (3.2.0) lib/action_dispatch/middleware/params_parser.rb:21:in `call'
  actionpack (3.2.0) lib/action_dispatch/middleware/flash.rb:242:in `call'
  rack (1.4.1) lib/rack/session/abstract/id.rb:205:in `context'
  rack (1.4.1) lib/rack/session/abstract/id.rb:200:in `call'
  actionpack (3.2.0) lib/action_dispatch/middleware/cookies.rb:338:in `call'
  activerecord (3.2.0) lib/active_record/query_cache.rb:64:in `call'
  activerecord (3.2.0) lib/active_record/connection_adapters/abstract/connection_pool.rb:443:in `call'
  actionpack (3.2.0) lib/action_dispatch/middleware/callbacks.rb:28:in `block in call'
  activesupport (3.2.0) lib/active_support/callbacks.rb:405:in `_run__922606170__call__1059599937__callbacks'
  activesupport (3.2.0) lib/active_support/callbacks.rb:405:in `__run_callback'
  activesupport (3.2.0) lib/active_support/callbacks.rb:385:in `_run_call_callbacks'
  activesupport (3.2.0) lib/active_support/callbacks.rb:81:in `run_callbacks'
  actionpack (3.2.0) lib/action_dispatch/middleware/callbacks.rb:27:in `call'
  actionpack (3.2.0) lib/action_dispatch/middleware/reloader.rb:65:in `call'
  actionpack (3.2.0) lib/action_dispatch/middleware/remote_ip.rb:31:in `call'
  actionpack (3.2.0) lib/action_dispatch/middleware/debug_exceptions.rb:16:in `call'
  actionpack (3.2.0) lib/action_dispatch/middleware/show_exceptions.rb:56:in `call'
  railties (3.2.0) lib/rails/rack/logger.rb:26:in `call_app'
  railties (3.2.0) lib/rails/rack/logger.rb:16:in `call'
  actionpack (3.2.0) lib/action_dispatch/middleware/request_id.rb:22:in `call'
  rack (1.4.1) lib/rack/methodoverride.rb:21:in `call'
  rack (1.4.1) lib/rack/runtime.rb:17:in `call'
  activesupport (3.2.0) lib/active_support/cache/strategy/local_cache.rb:72:in `call'
  rack (1.4.1) lib/rack/lock.rb:15:in `call'
  actionpack (3.2.0) lib/action_dispatch/middleware/static.rb:53:in `call'
  railties (3.2.0) lib/rails/engine.rb:479:in `call'
  railties (3.2.0) lib/rails/application.rb:220:in `call'
  rack (1.4.1) lib/rack/content_length.rb:14:in `call'
  railties (3.2.0) lib/rails/rack/log_tailer.rb:14:in `call'
  rack (1.4.1) lib/rack/handler/webrick.rb:59:in `service'
  /home/shakes/.rvm/rubies/ruby-1.9.2-p290/lib/ruby/1.9.1/webrick/httpserver.rb:111:in `service'
  /home/shakes/.rvm/rubies/ruby-1.9.2-p290/lib/ruby/1.9.1/webrick/httpserver.rb:70:in `run'
  /home/shakes/.rvm/rubies/ruby-1.9.2-p290/lib/ruby/1.9.1/webrick/server.rb:183:in `block in start_thread'


  Rendered /home/shakes/.rvm/gems/ruby-1.9.2-p290/gems/actionpack-3.2.0/lib/action_dispatch/middleware/templates/rescues/_trace.erb (3.5ms)
  Rendered /home/shakes/.rvm/gems/ruby-1.9.2-p290/gems/actionpack-3.2.0/lib/action_dispatch/middleware/templates/rescues/_request_and_response.erb (1.4ms)
  Rendered /home/shakes/.rvm/gems/ruby-1.9.2-p290/gems/actionpack-3.2.0/lib/action_dispatch/middleware/templates/rescues/diagnostics.erb within rescues/layout (29.3ms)


Started GET "/auth/google" for 127.0.0.1 at 2012-04-07 14:08:28 +0200

OAuth::Unauthorized (400 Bad Request):
  oauth (0.4.5) lib/oauth/consumer.rb:219:in `token_request'
  oauth (0.4.5) lib/oauth/consumer.rb:139:in `get_request_token'
  omniauth-google (1.0.1) lib/omniauth/strategies/google.rb:67:in `request_phase'
  omniauth (1.0.3) lib/omniauth/strategy.rb:194:in `request_call'
  omniauth (1.0.3) lib/omniauth/strategy.rb:165:in `call!'
  omniauth (1.0.3) lib/omniauth/strategy.rb:148:in `call'
  omniauth (1.0.3) lib/omniauth/builder.rb:42:in `call'
  actionpack (3.2.0) lib/action_dispatch/middleware/best_standards_support.rb:17:in `call'
  rack (1.4.1) lib/rack/etag.rb:23:in `call'
  rack (1.4.1) lib/rack/conditionalget.rb:25:in `call'
  actionpack (3.2.0) lib/action_dispatch/middleware/head.rb:14:in `call'
  actionpack (3.2.0) lib/action_dispatch/middleware/params_parser.rb:21:in `call'
  actionpack (3.2.0) lib/action_dispatch/middleware/flash.rb:242:in `call'
  rack (1.4.1) lib/rack/session/abstract/id.rb:205:in `context'
  rack (1.4.1) lib/rack/session/abstract/id.rb:200:in `call'
  actionpack (3.2.0) lib/action_dispatch/middleware/cookies.rb:338:in `call'
  activerecord (3.2.0) lib/active_record/query_cache.rb:64:in `call'
  activerecord (3.2.0) lib/active_record/connection_adapters/abstract/connection_pool.rb:443:in `call'
  actionpack (3.2.0) lib/action_dispatch/middleware/callbacks.rb:28:in `block in call'
  activesupport (3.2.0) lib/active_support/callbacks.rb:405:in `_run__922606170__call__1059599937__callbacks'
  activesupport (3.2.0) lib/active_support/callbacks.rb:405:in `__run_callback'
  activesupport (3.2.0) lib/active_support/callbacks.rb:385:in `_run_call_callbacks'
  activesupport (3.2.0) lib/active_support/callbacks.rb:81:in `run_callbacks'
  actionpack (3.2.0) lib/action_dispatch/middleware/callbacks.rb:27:in `call'
  actionpack (3.2.0) lib/action_dispatch/middleware/reloader.rb:65:in `call'
  actionpack (3.2.0) lib/action_dispatch/middleware/remote_ip.rb:31:in `call'
  actionpack (3.2.0) lib/action_dispatch/middleware/debug_exceptions.rb:16:in `call'
  actionpack (3.2.0) lib/action_dispatch/middleware/show_exceptions.rb:56:in `call'
  railties (3.2.0) lib/rails/rack/logger.rb:26:in `call_app'
  railties (3.2.0) lib/rails/rack/logger.rb:16:in `call'
  actionpack (3.2.0) lib/action_dispatch/middleware/request_id.rb:22:in `call'
  rack (1.4.1) lib/rack/methodoverride.rb:21:in `call'
  rack (1.4.1) lib/rack/runtime.rb:17:in `call'
  activesupport (3.2.0) lib/active_support/cache/strategy/local_cache.rb:72:in `call'
  rack (1.4.1) lib/rack/lock.rb:15:in `call'
  actionpack (3.2.0) lib/action_dispatch/middleware/static.rb:53:in `call'
  railties (3.2.0) lib/rails/engine.rb:479:in `call'
  railties (3.2.0) lib/rails/application.rb:220:in `call'
  rack (1.4.1) lib/rack/content_length.rb:14:in `call'
  railties (3.2.0) lib/rails/rack/log_tailer.rb:14:in `call'
  rack (1.4.1) lib/rack/handler/webrick.rb:59:in `service'
  /home/shakes/.rvm/rubies/ruby-1.9.2-p290/lib/ruby/1.9.1/webrick/httpserver.rb:111:in `service'
  /home/shakes/.rvm/rubies/ruby-1.9.2-p290/lib/ruby/1.9.1/webrick/httpserver.rb:70:in `run'
  /home/shakes/.rvm/rubies/ruby-1.9.2-p290/lib/ruby/1.9.1/webrick/server.rb:183:in `block in start_thread'


  Rendered /home/shakes/.rvm/gems/ruby-1.9.2-p290/gems/actionpack-3.2.0/lib/action_dispatch/middleware/templates/rescues/_trace.erb (3.6ms)
  Rendered /home/shakes/.rvm/gems/ruby-1.9.2-p290/gems/actionpack-3.2.0/lib/action_dispatch/middleware/templates/rescues/_request_and_response.erb (1.6ms)
  Rendered /home/shakes/.rvm/gems/ruby-1.9.2-p290/gems/actionpack-3.2.0/lib/action_dispatch/middleware/templates/rescues/diagnostics.erb within rescues/layout (10.1ms)


Started GET "/assets/rails.png" for 127.0.0.1 at 2012-04-08 23:45:01 +0200
Served asset /rails.png - 304 Not Modified (95ms)


Started GET "/auth/google" for 127.0.0.1 at 2012-04-08 23:45:09 +0200

ActionController::RoutingError (No route matches [GET] "/auth/google"):
  actionpack (3.2.0) lib/action_dispatch/middleware/debug_exceptions.rb:21:in `call'
  actionpack (3.2.0) lib/action_dispatch/middleware/show_exceptions.rb:56:in `call'
  railties (3.2.0) lib/rails/rack/logger.rb:26:in `call_app'
  railties (3.2.0) lib/rails/rack/logger.rb:16:in `call'
  actionpack (3.2.0) lib/action_dispatch/middleware/request_id.rb:22:in `call'
  rack (1.4.1) lib/rack/methodoverride.rb:21:in `call'
  rack (1.4.1) lib/rack/runtime.rb:17:in `call'
  activesupport (3.2.0) lib/active_support/cache/strategy/local_cache.rb:72:in `call'
  rack (1.4.1) lib/rack/lock.rb:15:in `call'
  actionpack (3.2.0) lib/action_dispatch/middleware/static.rb:53:in `call'
  railties (3.2.0) lib/rails/engine.rb:479:in `call'
  railties (3.2.0) lib/rails/application.rb:220:in `call'
  rack (1.4.1) lib/rack/content_length.rb:14:in `call'
  railties (3.2.0) lib/rails/rack/log_tailer.rb:14:in `call'
  rack (1.4.1) lib/rack/handler/webrick.rb:59:in `service'
  /home/shakes/.rvm/rubies/ruby-1.9.2-p290/lib/ruby/1.9.1/webrick/httpserver.rb:111:in `service'
  /home/shakes/.rvm/rubies/ruby-1.9.2-p290/lib/ruby/1.9.1/webrick/httpserver.rb:70:in `run'
  /home/shakes/.rvm/rubies/ruby-1.9.2-p290/lib/ruby/1.9.1/webrick/server.rb:183:in `block in start_thread'


  Rendered /home/shakes/.rvm/gems/ruby-1.9.2-p290/gems/actionpack-3.2.0/lib/action_dispatch/middleware/templates/rescues/routing_error.erb within rescues/layout (38.6ms)


Started GET "/auth/google" for 127.0.0.1 at 2012-04-08 23:45:49 +0200

ActionController::RoutingError (No route matches [GET] "/auth/google"):
  actionpack (3.2.0) lib/action_dispatch/middleware/debug_exceptions.rb:21:in `call'
  actionpack (3.2.0) lib/action_dispatch/middleware/show_exceptions.rb:56:in `call'
  railties (3.2.0) lib/rails/rack/logger.rb:26:in `call_app'
  railties (3.2.0) lib/rails/rack/logger.rb:16:in `call'
  actionpack (3.2.0) lib/action_dispatch/middleware/request_id.rb:22:in `call'
  rack (1.4.1) lib/rack/methodoverride.rb:21:in `call'
  rack (1.4.1) lib/rack/runtime.rb:17:in `call'
  activesupport (3.2.0) lib/active_support/cache/strategy/local_cache.rb:72:in `call'
  rack (1.4.1) lib/rack/lock.rb:15:in `call'
  actionpack (3.2.0) lib/action_dispatch/middleware/static.rb:53:in `call'
  railties (3.2.0) lib/rails/engine.rb:479:in `call'
  railties (3.2.0) lib/rails/application.rb:220:in `call'
  rack (1.4.1) lib/rack/content_length.rb:14:in `call'
  railties (3.2.0) lib/rails/rack/log_tailer.rb:14:in `call'
  rack (1.4.1) lib/rack/handler/webrick.rb:59:in `service'
  /home/shakes/.rvm/rubies/ruby-1.9.2-p290/lib/ruby/1.9.1/webrick/httpserver.rb:111:in `service'
  /home/shakes/.rvm/rubies/ruby-1.9.2-p290/lib/ruby/1.9.1/webrick/httpserver.rb:70:in `run'
  /home/shakes/.rvm/rubies/ruby-1.9.2-p290/lib/ruby/1.9.1/webrick/server.rb:183:in `block in start_thread'


  Rendered /home/shakes/.rvm/gems/ruby-1.9.2-p290/gems/actionpack-3.2.0/lib/action_dispatch/middleware/templates/rescues/routing_error.erb within rescues/layout (0.8ms)


Started GET "/auth/google" for 127.0.0.1 at 2012-04-08 23:45:52 +0200

ActionController::RoutingError (No route matches [GET] "/auth/google"):
  actionpack (3.2.0) lib/action_dispatch/middleware/debug_exceptions.rb:21:in `call'
  actionpack (3.2.0) lib/action_dispatch/middleware/show_exceptions.rb:56:in `call'
  railties (3.2.0) lib/rails/rack/logger.rb:26:in `call_app'
  railties (3.2.0) lib/rails/rack/logger.rb:16:in `call'
  actionpack (3.2.0) lib/action_dispatch/middleware/request_id.rb:22:in `call'
  rack (1.4.1) lib/rack/methodoverride.rb:21:in `call'
  rack (1.4.1) lib/rack/runtime.rb:17:in `call'
  activesupport (3.2.0) lib/active_support/cache/strategy/local_cache.rb:72:in `call'
  rack (1.4.1) lib/rack/lock.rb:15:in `call'
  actionpack (3.2.0) lib/action_dispatch/middleware/static.rb:53:in `call'
  railties (3.2.0) lib/rails/engine.rb:479:in `call'
  railties (3.2.0) lib/rails/application.rb:220:in `call'
  rack (1.4.1) lib/rack/content_length.rb:14:in `call'
  railties (3.2.0) lib/rails/rack/log_tailer.rb:14:in `call'
  rack (1.4.1) lib/rack/handler/webrick.rb:59:in `service'
  /home/shakes/.rvm/rubies/ruby-1.9.2-p290/lib/ruby/1.9.1/webrick/httpserver.rb:111:in `service'
  /home/shakes/.rvm/rubies/ruby-1.9.2-p290/lib/ruby/1.9.1/webrick/httpserver.rb:70:in `run'
  /home/shakes/.rvm/rubies/ruby-1.9.2-p290/lib/ruby/1.9.1/webrick/server.rb:183:in `block in start_thread'


  Rendered /home/shakes/.rvm/gems/ruby-1.9.2-p290/gems/actionpack-3.2.0/lib/action_dispatch/middleware/templates/rescues/routing_error.erb within rescues/layout (1.0ms)


Started GET "/auth/google/callback" for 127.0.0.1 at 2012-04-08 23:46:33 +0200
Processing by SessionsController#create as HTML
Completed 500 Internal Server Error in 25ms

SyntaxError (/media/MyData/smart_email/smart_email/web_service/app/models/user.rb:4: syntax error, unexpected ';'
has_one :google, :class_name=>"GoogleToken", :dependent=>;:destroy 
                                                          ^):
  app/controllers/sessions_controller.rb:4:in `create'


  Rendered /home/shakes/.rvm/gems/ruby-1.9.2-p290/gems/actionpack-3.2.0/lib/action_dispatch/middleware/templates/rescues/_trace.erb (8.2ms)
  Rendered /home/shakes/.rvm/gems/ruby-1.9.2-p290/gems/actionpack-3.2.0/lib/action_dispatch/middleware/templates/rescues/_request_and_response.erb (1.7ms)
  Rendered /home/shakes/.rvm/gems/ruby-1.9.2-p290/gems/actionpack-3.2.0/lib/action_dispatch/middleware/templates/rescues/diagnostics.erb within rescues/layout (19.8ms)


Started GET "/auth/google/callback" for 127.0.0.1 at 2012-04-08 23:47:20 +0200
Processing by SessionsController#create as HTML
Completed 500 Internal Server Error in 11ms

NoMethodError (undefined method `[]' for nil:NilClass):
  app/controllers/sessions_controller.rb:4:in `create'


  Rendered /home/shakes/.rvm/gems/ruby-1.9.2-p290/gems/actionpack-3.2.0/lib/action_dispatch/middleware/templates/rescues/_trace.erb (4.5ms)
  Rendered /home/shakes/.rvm/gems/ruby-1.9.2-p290/gems/actionpack-3.2.0/lib/action_dispatch/middleware/templates/rescues/_request_and_response.erb (1.4ms)
  Rendered /home/shakes/.rvm/gems/ruby-1.9.2-p290/gems/actionpack-3.2.0/lib/action_dispatch/middleware/templates/rescues/diagnostics.erb within rescues/layout (9.2ms)
  [1m[36m (0.1ms)[0m  [1mselect sqlite_version(*)[0m
  [1m[35m (2.2ms)[0m  CREATE TABLE "schema_migrations" ("version" varchar(255) NOT NULL) 
  [1m[36m (0.1ms)[0m  [1mPRAGMA index_list("schema_migrations")[0m
  [1m[35m (2.0ms)[0m  CREATE UNIQUE INDEX "unique_schema_migrations" ON "schema_migrations" ("version")
  [1m[36m (0.4ms)[0m  [1mSELECT "schema_migrations"."version" FROM "schema_migrations" [0m
Migrating to CreateAccounts (20120331193649)
  [1m[35m (0.1ms)[0m  begin transaction
  [1m[36m (2.2ms)[0m  [1mCREATE TABLE "accounts" ("id" INTEGER PRIMARY KEY AUTOINCREMENT NOT NULL, "username" varchar(255), "password" varchar(255), "created_at" datetime NOT NULL, "updated_at" datetime NOT NULL) [0m
  [1m[35m (0.6ms)[0m  INSERT INTO "schema_migrations" ("version") VALUES ('20120331193649')
  [1m[36m (1.0ms)[0m  [1mcommit transaction[0m
Migrating to CreateUsers (20120331193805)
  [1m[35m (0.0ms)[0m  begin transaction
  [1m[36m (1.9ms)[0m  [1mCREATE TABLE "users" ("id" INTEGER PRIMARY KEY AUTOINCREMENT NOT NULL, "username" varchar(255), "password" varchar(255), "created_at" datetime NOT NULL, "updated_at" datetime NOT NULL) [0m
  [1m[35m (0.5ms)[0m  INSERT INTO "schema_migrations" ("version") VALUES ('20120331193805')
  [1m[36m (0.8ms)[0m  [1mcommit transaction[0m
Migrating to AddDomainToAccounts (20120331194003)
  [1m[35m (0.1ms)[0m  begin transaction
  [1m[36m (18.7ms)[0m  [1mALTER TABLE "accounts" ADD "domain" varchar(255)[0m
  [1m[35m (1.5ms)[0m  INSERT INTO "schema_migrations" ("version") VALUES ('20120331194003')
  [1m[36m (0.7ms)[0m  [1mcommit transaction[0m
Migrating to AddOauthTokenToUser (20120409065355)
  [1m[35m (0.1ms)[0m  begin transaction
  [1m[36m (3.9ms)[0m  [1mALTER TABLE "users" ADD "oauth_token" varchar(255)[0m
  [1m[35m (0.6ms)[0m  INSERT INTO "schema_migrations" ("version") VALUES ('20120409065355')
  [1m[36m (0.8ms)[0m  [1mcommit transaction[0m
Migrating to AddOauthTokenSecretToUser (20120409065418)
  [1m[35m (0.1ms)[0m  begin transaction
  [1m[36m (8.9ms)[0m  [1mALTER TABLE "users" ADD "oauth_token_secret" varchar(255)[0m
  [1m[35m (0.6ms)[0m  INSERT INTO "schema_migrations" ("version") VALUES ('20120409065418')
  [1m[36m (0.6ms)[0m  [1mcommit transaction[0m
  [1m[35m (0.7ms)[0m  select sqlite_version(*)
  [1m[36m (0.7ms)[0m  [1mSELECT "schema_migrations"."version" FROM "schema_migrations" [0m
  [1m[35m (0.0ms)[0m  PRAGMA index_list("accounts")
  [1m[36m (0.0ms)[0m  [1mPRAGMA index_list("users")[0m


Started GET "/assets/rails.png" for 127.0.0.1 at 2012-04-09 08:58:16 +0200
Served asset /rails.png - 304 Not Modified (79ms)


Started GET "/users" for 127.0.0.1 at 2012-04-09 08:58:18 +0200
Processing by UsersController#index as HTML
  [1m[36mUser Load (3.8ms)[0m  [1mSELECT "users".* FROM "users" [0m
  Rendered users/index.html.erb within layouts/application (23.6ms)
Compiled accounts.css  (67ms)  (pid 3738)
Compiled scaffolds.css  (21ms)  (pid 3738)
Compiled sessions.css  (3ms)  (pid 3738)
Compiled users.css  (3ms)  (pid 3738)
Compiled application.css  (275ms)  (pid 3738)
Compiled jquery.js  (3ms)  (pid 3738)
Compiled jquery_ujs.js  (38ms)  (pid 3738)
Compiled accounts.js  (728ms)  (pid 3738)
Compiled sessions.js  (190ms)  (pid 3738)
Compiled users.js  (199ms)  (pid 3738)
Compiled application.js  (1362ms)  (pid 3738)
Completed 200 OK in 2046ms (Views: 2040.2ms | ActiveRecord: 3.8ms)


Started GET "/assets/accounts.css?body=1" for 127.0.0.1 at 2012-04-09 08:58:21 +0200
Served asset /accounts.css - 200 OK (19ms)


Started GET "/assets/scaffolds.css?body=1" for 127.0.0.1 at 2012-04-09 08:58:21 +0200
Served asset /scaffolds.css - 200 OK (9ms)


Started GET "/assets/sessions.css?body=1" for 127.0.0.1 at 2012-04-09 08:58:21 +0200
Served asset /sessions.css - 200 OK (11ms)


Started GET "/assets/accounts.js?body=1" for 127.0.0.1 at 2012-04-09 08:58:21 +0200
Served asset /accounts.js - 200 OK (15ms)


Started GET "/assets/sessions.js?body=1" for 127.0.0.1 at 2012-04-09 08:58:21 +0200
Served asset /sessions.js - 200 OK (15ms)


Started GET "/assets/users.js?body=1" for 127.0.0.1 at 2012-04-09 08:58:21 +0200
Served asset /users.js - 200 OK (9ms)


Started GET "/assets/application.css?body=1" for 127.0.0.1 at 2012-04-09 08:58:22 +0200
Served asset /application.css - 200 OK (14ms)


Started GET "/assets/application.js?body=1" for 127.0.0.1 at 2012-04-09 08:58:22 +0200
Served asset /application.js - 200 OK (18ms)


Started GET "/assets/jquery.js?body=1" for 127.0.0.1 at 2012-04-09 08:58:22 +0200
Served asset /jquery.js - 304 Not Modified (52ms)


Started GET "/assets/jquery_ujs.js?body=1" for 127.0.0.1 at 2012-04-09 08:58:22 +0200
Served asset /jquery_ujs.js - 304 Not Modified (5ms)


Started GET "/assets/users.css?body=1" for 127.0.0.1 at 2012-04-09 08:58:22 +0200
Served asset /users.css - 304 Not Modified (4ms)


Started GET "/users/new" for 127.0.0.1 at 2012-04-09 08:58:24 +0200
Processing by UsersController#new as HTML
  Rendered users/_form.html.erb (36.6ms)
  Rendered users/new.html.erb within layouts/application (82.5ms)
Completed 200 OK in 115ms (Views: 106.8ms | ActiveRecord: 0.0ms)


Started GET "/assets/users.css?body=1" for 127.0.0.1 at 2012-04-09 08:58:25 +0200
Served asset /users.css - 304 Not Modified (0ms)


Started GET "/assets/jquery.js?body=1" for 127.0.0.1 at 2012-04-09 08:58:25 +0200
Served asset /jquery.js - 304 Not Modified (1ms)


Started GET "/assets/jquery_ujs.js?body=1" for 127.0.0.1 at 2012-04-09 08:58:25 +0200
Served asset /jquery_ujs.js - 304 Not Modified (0ms)


Started POST "/users" for 127.0.0.1 at 2012-04-09 08:58:31 +0200
Processing by UsersController#create as HTML
  Parameters: {"utf8"=>"✓", "authenticity_token"=>"memFD8QxAtt4TzUDvuNGBCz7qMbjJkLsftJx/S/zhFA=", "user"=>{"username"=>"ahmed", "password"=>"[FILTERED]"}, "commit"=>"Create User"}
  [1m[35m (0.1ms)[0m  begin transaction
  [1m[36mSQL (87.8ms)[0m  [1mINSERT INTO "users" ("created_at", "oauth_token", "oauth_token_secret", "password", "updated_at", "username") VALUES (?, ?, ?, ?, ?, ?)[0m  [["created_at", Mon, 09 Apr 2012 06:58:31 UTC +00:00], ["oauth_token", nil], ["oauth_token_secret", nil], ["password", "ahmed"], ["updated_at", Mon, 09 Apr 2012 06:58:31 UTC +00:00], ["username", "ahmed"]]
  [1m[35m (2.9ms)[0m  commit transaction
Redirected to http://localhost:3000/users/1
Completed 302 Found in 98ms (ActiveRecord: 90.8ms)


Started GET "/users/1" for 127.0.0.1 at 2012-04-09 08:58:31 +0200
Processing by UsersController#show as HTML
  Parameters: {"id"=>"1"}
  [1m[36mUser Load (0.8ms)[0m  [1mSELECT "users".* FROM "users" WHERE "users"."id" = ? LIMIT 1[0m  [["id", "1"]]
  Rendered users/show.html.erb within layouts/application (324.5ms)
Completed 500 Internal Server Error in 346ms

ActionView::Template::Error (undefined local variable or method `authenticate_path' for #<#<Class:0xa9480a4>:0xad1fb8c>):
    13: 
    14: <%= link_to 'Edit', edit_user_path(@user) %> |
    15: <%= link_to 'Back', users_path %>
    16: <%= link_to 'Authenticate', authenticate_path %>
  app/views/users/show.html.erb:16:in `_app_views_users_show_html_erb__646307774_90901810'
  app/controllers/users_controller.rb:18:in `show'


  Rendered /home/shakes/.rvm/gems/ruby-1.9.2-p290/gems/actionpack-3.2.0/lib/action_dispatch/middleware/templates/rescues/_trace.erb (6.2ms)
  Rendered /home/shakes/.rvm/gems/ruby-1.9.2-p290/gems/actionpack-3.2.0/lib/action_dispatch/middleware/templates/rescues/_request_and_response.erb (1.6ms)
  Rendered /home/shakes/.rvm/gems/ruby-1.9.2-p290/gems/actionpack-3.2.0/lib/action_dispatch/middleware/templates/rescues/template_error.erb within rescues/layout (11.9ms)


Started POST "/users" for 127.0.0.1 at 2012-04-09 08:59:54 +0200
Processing by UsersController#create as HTML
  Parameters: {"utf8"=>"✓", "authenticity_token"=>"memFD8QxAtt4TzUDvuNGBCz7qMbjJkLsftJx/S/zhFA=", "user"=>{"username"=>"ahmed", "password"=>"[FILTERED]"}, "commit"=>"Create User"}
  [1m[35m (0.1ms)[0m  begin transaction
  [1m[36mSQL (1.9ms)[0m  [1mINSERT INTO "users" ("created_at", "oauth_token", "oauth_token_secret", "password", "updated_at", "username") VALUES (?, ?, ?, ?, ?, ?)[0m  [["created_at", Mon, 09 Apr 2012 06:59:54 UTC +00:00], ["oauth_token", nil], ["oauth_token_secret", nil], ["password", "ahmed"], ["updated_at", Mon, 09 Apr 2012 06:59:54 UTC +00:00], ["username", "ahmed"]]
  [1m[35m (1.1ms)[0m  commit transaction
Redirected to http://localhost:3000/users/2
Completed 302 Found in 7ms (ActiveRecord: 3.1ms)


Started GET "/users/2" for 127.0.0.1 at 2012-04-09 08:59:54 +0200
Processing by UsersController#show as HTML
  Parameters: {"id"=>"2"}
  [1m[36mUser Load (0.5ms)[0m  [1mSELECT "users".* FROM "users" WHERE "users"."id" = ? LIMIT 1[0m  [["id", "2"]]
  Rendered users/show.html.erb within layouts/application (4.3ms)
Completed 200 OK in 34ms (Views: 31.7ms | ActiveRecord: 0.5ms)


Started GET "/assets/users.css?body=1" for 127.0.0.1 at 2012-04-09 08:59:54 +0200
Served asset /users.css - 304 Not Modified (1ms)


Started GET "/assets/jquery.js?body=1" for 127.0.0.1 at 2012-04-09 08:59:54 +0200
Served asset /jquery.js - 304 Not Modified (1ms)


Started GET "/assets/jquery_ujs.js?body=1" for 127.0.0.1 at 2012-04-09 08:59:54 +0200
Served asset /jquery_ujs.js - 304 Not Modified (0ms)


Started GET "/users" for 127.0.0.1 at 2012-04-09 09:00:00 +0200
Processing by UsersController#index as HTML
  [1m[35mUser Load (2.7ms)[0m  SELECT "users".* FROM "users" 
  Rendered users/index.html.erb within layouts/application (2.9ms)
Completed 200 OK in 31ms (Views: 27.3ms | ActiveRecord: 2.7ms)


Started GET "/assets/users.css?body=1" for 127.0.0.1 at 2012-04-09 09:00:00 +0200
Served asset /users.css - 304 Not Modified (8ms)


Started GET "/assets/jquery.js?body=1" for 127.0.0.1 at 2012-04-09 09:00:00 +0200
Served asset /jquery.js - 304 Not Modified (1ms)


Started GET "/assets/jquery_ujs.js?body=1" for 127.0.0.1 at 2012-04-09 09:00:00 +0200
Served asset /jquery_ujs.js - 304 Not Modified (0ms)


Started DELETE "/users/1" for 127.0.0.1 at 2012-04-09 09:00:05 +0200
Processing by UsersController#destroy as HTML
  Parameters: {"authenticity_token"=>"memFD8QxAtt4TzUDvuNGBCz7qMbjJkLsftJx/S/zhFA=", "id"=>"1"}
  [1m[36mUser Load (1.5ms)[0m  [1mSELECT "users".* FROM "users" WHERE "users"."id" = ? LIMIT 1[0m  [["id", "1"]]
  [1m[35m (0.1ms)[0m  begin transaction
  [1m[36mSQL (2.3ms)[0m  [1mDELETE FROM "users" WHERE "users"."id" = ?[0m  [["id", 1]]
  [1m[35m (0.8ms)[0m  commit transaction
Redirected to http://localhost:3000/users
Completed 302 Found in 9ms (ActiveRecord: 4.7ms)


Started GET "/users" for 127.0.0.1 at 2012-04-09 09:00:05 +0200
Processing by UsersController#index as HTML
  [1m[36mUser Load (0.6ms)[0m  [1mSELECT "users".* FROM "users" [0m
  Rendered users/index.html.erb within layouts/application (1.7ms)
Completed 200 OK in 24ms (Views: 21.9ms | ActiveRecord: 0.6ms)


Started GET "/assets/users.css?body=1" for 127.0.0.1 at 2012-04-09 09:00:05 +0200
Served asset /users.css - 304 Not Modified (4ms)


Started GET "/assets/jquery.js?body=1" for 127.0.0.1 at 2012-04-09 09:00:05 +0200
Served asset /jquery.js - 304 Not Modified (1ms)


Started GET "/assets/jquery_ujs.js?body=1" for 127.0.0.1 at 2012-04-09 09:00:05 +0200
Served asset /jquery_ujs.js - 304 Not Modified (0ms)


Started GET "/users/2" for 127.0.0.1 at 2012-04-09 09:00:11 +0200
Processing by UsersController#show as HTML
  Parameters: {"id"=>"2"}
  [1m[35mUser Load (0.5ms)[0m  SELECT "users".* FROM "users" WHERE "users"."id" = ? LIMIT 1  [["id", "2"]]
  Rendered users/show.html.erb within layouts/application (1.1ms)
Completed 200 OK in 28ms (Views: 26.5ms | ActiveRecord: 0.5ms)


Started GET "/assets/users.css?body=1" for 127.0.0.1 at 2012-04-09 09:00:11 +0200
Served asset /users.css - 304 Not Modified (15ms)


Started GET "/assets/jquery.js?body=1" for 127.0.0.1 at 2012-04-09 09:00:11 +0200
Served asset /jquery.js - 304 Not Modified (1ms)


Started GET "/assets/jquery_ujs.js?body=1" for 127.0.0.1 at 2012-04-09 09:00:11 +0200
Served asset /jquery_ujs.js - 304 Not Modified (0ms)


Started GET "/assets?action=authenticate&controller=users" for 127.0.0.1 at 2012-04-09 09:00:12 +0200
Served asset  - 404 Not Found (14ms)

ActionController::RoutingError (No route matches [GET] "/assets"):
  actionpack (3.2.0) lib/action_dispatch/middleware/debug_exceptions.rb:21:in `call'
  actionpack (3.2.0) lib/action_dispatch/middleware/show_exceptions.rb:56:in `call'
  railties (3.2.0) lib/rails/rack/logger.rb:26:in `call_app'
  railties (3.2.0) lib/rails/rack/logger.rb:16:in `call'
  actionpack (3.2.0) lib/action_dispatch/middleware/request_id.rb:22:in `call'
  rack (1.4.1) lib/rack/methodoverride.rb:21:in `call'
  rack (1.4.1) lib/rack/runtime.rb:17:in `call'
  activesupport (3.2.0) lib/active_support/cache/strategy/local_cache.rb:72:in `call'
  rack (1.4.1) lib/rack/lock.rb:15:in `call'
  actionpack (3.2.0) lib/action_dispatch/middleware/static.rb:53:in `call'
  railties (3.2.0) lib/rails/engine.rb:479:in `call'
  railties (3.2.0) lib/rails/application.rb:220:in `call'
  rack (1.4.1) lib/rack/content_length.rb:14:in `call'
  railties (3.2.0) lib/rails/rack/log_tailer.rb:14:in `call'
  rack (1.4.1) lib/rack/handler/webrick.rb:59:in `service'
  /home/shakes/.rvm/rubies/ruby-1.9.2-p290/lib/ruby/1.9.1/webrick/httpserver.rb:111:in `service'
  /home/shakes/.rvm/rubies/ruby-1.9.2-p290/lib/ruby/1.9.1/webrick/httpserver.rb:70:in `run'
  /home/shakes/.rvm/rubies/ruby-1.9.2-p290/lib/ruby/1.9.1/webrick/server.rb:183:in `block in start_thread'


  Rendered /home/shakes/.rvm/gems/ruby-1.9.2-p290/gems/actionpack-3.2.0/lib/action_dispatch/middleware/templates/rescues/routing_error.erb within rescues/layout (0.8ms)


Started GET "/users/2/edit" for 127.0.0.1 at 2012-04-09 09:01:23 +0200
Processing by UsersController#edit as HTML
  Parameters: {"id"=>"2"}
  [1m[36mUser Load (2.3ms)[0m  [1mSELECT "users".* FROM "users" WHERE "users"."id" = ? LIMIT 1[0m  [["id", "2"]]
  Rendered users/_form.html.erb (4.8ms)
  Rendered users/edit.html.erb within layouts/application (12.9ms)
Completed 200 OK in 57ms (Views: 40.5ms | ActiveRecord: 2.3ms)


Started GET "/assets/jquery.js?body=1" for 127.0.0.1 at 2012-04-09 09:01:23 +0200
Served asset /jquery.js - 304 Not Modified (4ms)


Started GET "/assets/jquery_ujs.js?body=1" for 127.0.0.1 at 2012-04-09 09:01:23 +0200
Served asset /jquery_ujs.js - 304 Not Modified (0ms)


Started GET "/assets/users.css?body=1" for 127.0.0.1 at 2012-04-09 09:01:23 +0200
Served asset /users.css - 304 Not Modified (1ms)


Started GET "/users/2" for 127.0.0.1 at 2012-04-09 09:01:25 +0200
Processing by UsersController#show as HTML
  Parameters: {"id"=>"2"}
  [1m[35mUser Load (1.0ms)[0m  SELECT "users".* FROM "users" WHERE "users"."id" = ? LIMIT 1  [["id", "2"]]
  Rendered users/show.html.erb within layouts/application (1.7ms)
Completed 200 OK in 27ms (Views: 23.9ms | ActiveRecord: 1.0ms)


Started GET "/assets/users.css?body=1" for 127.0.0.1 at 2012-04-09 09:01:25 +0200
Served asset /users.css - 304 Not Modified (0ms)


Started GET "/assets/jquery_ujs.js?body=1" for 127.0.0.1 at 2012-04-09 09:01:25 +0200
Served asset /jquery_ujs.js - 304 Not Modified (0ms)


Started GET "/assets/jquery.js?body=1" for 127.0.0.1 at 2012-04-09 09:01:25 +0200
Served asset /jquery.js - 304 Not Modified (1ms)


Started GET "/users" for 127.0.0.1 at 2012-04-09 09:01:30 +0200
Processing by UsersController#index as HTML
  [1m[36mUser Load (0.6ms)[0m  [1mSELECT "users".* FROM "users" [0m
  Rendered users/index.html.erb within layouts/application (1.9ms)
Completed 200 OK in 28ms (Views: 25.7ms | ActiveRecord: 0.6ms)


Started GET "/assets/users.css?body=1" for 127.0.0.1 at 2012-04-09 09:01:30 +0200
Served asset /users.css - 304 Not Modified (4ms)


Started GET "/assets/jquery.js?body=1" for 127.0.0.1 at 2012-04-09 09:01:30 +0200
Served asset /jquery.js - 304 Not Modified (1ms)


Started GET "/assets/jquery_ujs.js?body=1" for 127.0.0.1 at 2012-04-09 09:01:30 +0200
Served asset /jquery_ujs.js - 304 Not Modified (0ms)


Started GET "/users/2" for 127.0.0.1 at 2012-04-09 09:01:32 +0200
Processing by UsersController#show as HTML
  Parameters: {"id"=>"2"}
  [1m[35mUser Load (1.8ms)[0m  SELECT "users".* FROM "users" WHERE "users"."id" = ? LIMIT 1  [["id", "2"]]
  Rendered users/show.html.erb within layouts/application (1.2ms)
Completed 200 OK in 28ms (Views: 25.3ms | ActiveRecord: 1.8ms)


Started GET "/assets/jquery.js?body=1" for 127.0.0.1 at 2012-04-09 09:01:32 +0200
Served asset /jquery.js - 304 Not Modified (7ms)


Started GET "/assets/users.css?body=1" for 127.0.0.1 at 2012-04-09 09:01:32 +0200
Served asset /users.css - 304 Not Modified (3ms)


Started GET "/assets/jquery_ujs.js?body=1" for 127.0.0.1 at 2012-04-09 09:01:32 +0200
Served asset /jquery_ujs.js - 304 Not Modified (0ms)


Started GET "/assets?action=authenticate&controller=users" for 127.0.0.1 at 2012-04-09 09:07:50 +0200
Served asset  - 404 Not Found (25ms)

ActionController::RoutingError (No route matches [GET] "/assets"):
  actionpack (3.2.0) lib/action_dispatch/middleware/debug_exceptions.rb:21:in `call'
  actionpack (3.2.0) lib/action_dispatch/middleware/show_exceptions.rb:56:in `call'
  railties (3.2.0) lib/rails/rack/logger.rb:26:in `call_app'
  railties (3.2.0) lib/rails/rack/logger.rb:16:in `call'
  actionpack (3.2.0) lib/action_dispatch/middleware/request_id.rb:22:in `call'
  rack (1.4.1) lib/rack/methodoverride.rb:21:in `call'
  rack (1.4.1) lib/rack/runtime.rb:17:in `call'
  activesupport (3.2.0) lib/active_support/cache/strategy/local_cache.rb:72:in `call'
  rack (1.4.1) lib/rack/lock.rb:15:in `call'
  actionpack (3.2.0) lib/action_dispatch/middleware/static.rb:53:in `call'
  railties (3.2.0) lib/rails/engine.rb:479:in `call'
  railties (3.2.0) lib/rails/application.rb:220:in `call'
  rack (1.4.1) lib/rack/content_length.rb:14:in `call'
  railties (3.2.0) lib/rails/rack/log_tailer.rb:14:in `call'
  rack (1.4.1) lib/rack/handler/webrick.rb:59:in `service'
  /home/shakes/.rvm/rubies/ruby-1.9.2-p290/lib/ruby/1.9.1/webrick/httpserver.rb:111:in `service'
  /home/shakes/.rvm/rubies/ruby-1.9.2-p290/lib/ruby/1.9.1/webrick/httpserver.rb:70:in `run'
  /home/shakes/.rvm/rubies/ruby-1.9.2-p290/lib/ruby/1.9.1/webrick/server.rb:183:in `block in start_thread'


  Rendered /home/shakes/.rvm/gems/ruby-1.9.2-p290/gems/actionpack-3.2.0/lib/action_dispatch/middleware/templates/rescues/routing_error.erb within rescues/layout (0.9ms)


Started GET "/assets/rails.png" for 127.0.0.1 at 2012-04-09 09:14:20 +0200
Served asset /rails.png - 304 Not Modified (30ms)


Started GET "/users" for 127.0.0.1 at 2012-04-09 09:14:22 +0200
Processing by UsersController#index as HTML
  [1m[36mUser Load (0.7ms)[0m  [1mSELECT "users".* FROM "users" [0m
  Rendered users/index.html.erb within layouts/application (26.6ms)
Completed 200 OK in 462ms (Views: 452.2ms | ActiveRecord: 0.7ms)


Started GET "/assets/jquery.js?body=1" for 127.0.0.1 at 2012-04-09 09:14:22 +0200
Served asset /jquery.js - 304 Not Modified (13ms)


Started GET "/assets/accounts.js?body=1" for 127.0.0.1 at 2012-04-09 09:14:22 +0200
Served asset /accounts.js - 304 Not Modified (8ms)


Started GET "/assets/sessions.js?body=1" for 127.0.0.1 at 2012-04-09 09:14:23 +0200
Served asset /sessions.js - 304 Not Modified (4ms)


Started GET "/assets/jquery_ujs.js?body=1" for 127.0.0.1 at 2012-04-09 09:14:23 +0200
Served asset /jquery_ujs.js - 304 Not Modified (5ms)


Started GET "/assets/application.js?body=1" for 127.0.0.1 at 2012-04-09 09:14:23 +0200
Served asset /application.js - 304 Not Modified (19ms)


Started GET "/assets/users.js?body=1" for 127.0.0.1 at 2012-04-09 09:14:23 +0200
Served asset /users.js - 304 Not Modified (8ms)


Started GET "/assets/users.css?body=1" for 127.0.0.1 at 2012-04-09 09:14:23 +0200
Served asset /users.css - 304 Not Modified (4ms)


Started GET "/users/authenticate" for 127.0.0.1 at 2012-04-09 09:14:26 +0200
Processing by UsersController#show as HTML
  Parameters: {"id"=>"authenticate"}
  [1m[35mUser Load (0.8ms)[0m  SELECT "users".* FROM "users" WHERE "users"."id" = ? LIMIT 1  [["id", "authenticate"]]
Completed 500 Internal Server Error in 5ms

ActiveRecord::RecordNotFound (Couldn't find User with id=authenticate):
  app/controllers/users_controller.rb:16:in `show'


  Rendered /home/shakes/.rvm/gems/ruby-1.9.2-p290/gems/actionpack-3.2.0/lib/action_dispatch/middleware/templates/rescues/_trace.erb (4.8ms)
  Rendered /home/shakes/.rvm/gems/ruby-1.9.2-p290/gems/actionpack-3.2.0/lib/action_dispatch/middleware/templates/rescues/_request_and_response.erb (1.6ms)
  Rendered /home/shakes/.rvm/gems/ruby-1.9.2-p290/gems/actionpack-3.2.0/lib/action_dispatch/middleware/templates/rescues/diagnostics.erb within rescues/layout (20.9ms)


Started GET "/users/authenticate/2" for 127.0.0.1 at 2012-04-09 09:14:33 +0200

ActionController::RoutingError (No route matches [GET] "/users/authenticate/2"):
  actionpack (3.2.0) lib/action_dispatch/middleware/debug_exceptions.rb:21:in `call'
  actionpack (3.2.0) lib/action_dispatch/middleware/show_exceptions.rb:56:in `call'
  railties (3.2.0) lib/rails/rack/logger.rb:26:in `call_app'
  railties (3.2.0) lib/rails/rack/logger.rb:16:in `call'
  actionpack (3.2.0) lib/action_dispatch/middleware/request_id.rb:22:in `call'
  rack (1.4.1) lib/rack/methodoverride.rb:21:in `call'
  rack (1.4.1) lib/rack/runtime.rb:17:in `call'
  activesupport (3.2.0) lib/active_support/cache/strategy/local_cache.rb:72:in `call'
  rack (1.4.1) lib/rack/lock.rb:15:in `call'
  actionpack (3.2.0) lib/action_dispatch/middleware/static.rb:53:in `call'
  railties (3.2.0) lib/rails/engine.rb:479:in `call'
  railties (3.2.0) lib/rails/application.rb:220:in `call'
  rack (1.4.1) lib/rack/content_length.rb:14:in `call'
  railties (3.2.0) lib/rails/rack/log_tailer.rb:14:in `call'
  rack (1.4.1) lib/rack/handler/webrick.rb:59:in `service'
  /home/shakes/.rvm/rubies/ruby-1.9.2-p290/lib/ruby/1.9.1/webrick/httpserver.rb:111:in `service'
  /home/shakes/.rvm/rubies/ruby-1.9.2-p290/lib/ruby/1.9.1/webrick/httpserver.rb:70:in `run'
  /home/shakes/.rvm/rubies/ruby-1.9.2-p290/lib/ruby/1.9.1/webrick/server.rb:183:in `block in start_thread'


  Rendered /home/shakes/.rvm/gems/ruby-1.9.2-p290/gems/actionpack-3.2.0/lib/action_dispatch/middleware/templates/rescues/routing_error.erb within rescues/layout (0.8ms)


Started GET "/users/authenticate/2" for 127.0.0.1 at 2012-04-09 09:17:51 +0200

ActionController::RoutingError (No route matches [GET] "/users/authenticate/2"):
  actionpack (3.2.0) lib/action_dispatch/middleware/debug_exceptions.rb:21:in `call'
  actionpack (3.2.0) lib/action_dispatch/middleware/show_exceptions.rb:56:in `call'
  railties (3.2.0) lib/rails/rack/logger.rb:26:in `call_app'
  railties (3.2.0) lib/rails/rack/logger.rb:16:in `call'
  actionpack (3.2.0) lib/action_dispatch/middleware/request_id.rb:22:in `call'
  rack (1.4.1) lib/rack/methodoverride.rb:21:in `call'
  rack (1.4.1) lib/rack/runtime.rb:17:in `call'
  activesupport (3.2.0) lib/active_support/cache/strategy/local_cache.rb:72:in `call'
  rack (1.4.1) lib/rack/lock.rb:15:in `call'
  actionpack (3.2.0) lib/action_dispatch/middleware/static.rb:53:in `call'
  railties (3.2.0) lib/rails/engine.rb:479:in `call'
  railties (3.2.0) lib/rails/application.rb:220:in `call'
  rack (1.4.1) lib/rack/content_length.rb:14:in `call'
  railties (3.2.0) lib/rails/rack/log_tailer.rb:14:in `call'
  rack (1.4.1) lib/rack/handler/webrick.rb:59:in `service'
  /home/shakes/.rvm/rubies/ruby-1.9.2-p290/lib/ruby/1.9.1/webrick/httpserver.rb:111:in `service'
  /home/shakes/.rvm/rubies/ruby-1.9.2-p290/lib/ruby/1.9.1/webrick/httpserver.rb:70:in `run'
  /home/shakes/.rvm/rubies/ruby-1.9.2-p290/lib/ruby/1.9.1/webrick/server.rb:183:in `block in start_thread'


  Rendered /home/shakes/.rvm/gems/ruby-1.9.2-p290/gems/actionpack-3.2.0/lib/action_dispatch/middleware/templates/rescues/routing_error.erb within rescues/layout (0.8ms)


Started GET "/users/authenticate/2" for 127.0.0.1 at 2012-04-09 09:17:55 +0200

ActionController::RoutingError (No route matches [GET] "/users/authenticate/2"):
  actionpack (3.2.0) lib/action_dispatch/middleware/debug_exceptions.rb:21:in `call'
  actionpack (3.2.0) lib/action_dispatch/middleware/show_exceptions.rb:56:in `call'
  railties (3.2.0) lib/rails/rack/logger.rb:26:in `call_app'
  railties (3.2.0) lib/rails/rack/logger.rb:16:in `call'
  actionpack (3.2.0) lib/action_dispatch/middleware/request_id.rb:22:in `call'
  rack (1.4.1) lib/rack/methodoverride.rb:21:in `call'
  rack (1.4.1) lib/rack/runtime.rb:17:in `call'
  activesupport (3.2.0) lib/active_support/cache/strategy/local_cache.rb:72:in `call'
  rack (1.4.1) lib/rack/lock.rb:15:in `call'
  actionpack (3.2.0) lib/action_dispatch/middleware/static.rb:53:in `call'
  railties (3.2.0) lib/rails/engine.rb:479:in `call'
  railties (3.2.0) lib/rails/application.rb:220:in `call'
  rack (1.4.1) lib/rack/content_length.rb:14:in `call'
  railties (3.2.0) lib/rails/rack/log_tailer.rb:14:in `call'
  rack (1.4.1) lib/rack/handler/webrick.rb:59:in `service'
  /home/shakes/.rvm/rubies/ruby-1.9.2-p290/lib/ruby/1.9.1/webrick/httpserver.rb:111:in `service'
  /home/shakes/.rvm/rubies/ruby-1.9.2-p290/lib/ruby/1.9.1/webrick/httpserver.rb:70:in `run'
  /home/shakes/.rvm/rubies/ruby-1.9.2-p290/lib/ruby/1.9.1/webrick/server.rb:183:in `block in start_thread'


  Rendered /home/shakes/.rvm/gems/ruby-1.9.2-p290/gems/actionpack-3.2.0/lib/action_dispatch/middleware/templates/rescues/routing_error.erb within rescues/layout (1.0ms)


Started GET "/users/authenticate/2" for 127.0.0.1 at 2012-04-09 09:18:09 +0200
Processing by UsersController#authenticate as HTML
  Parameters: {"id"=>"2"}
  [1m[36mUser Load (0.6ms)[0m  [1mSELECT "users".* FROM "users" WHERE "users"."id" = ? LIMIT 1[0m  [["id", "2"]]
Completed 500 Internal Server Error in 235ms

NoMethodError (undefined method `generate_request_token' for #<UsersController:0xb690b814>):
  app/controllers/users_controller.rb:86:in `authenticate'


  Rendered /home/shakes/.rvm/gems/ruby-1.9.2-p290/gems/actionpack-3.2.0/lib/action_dispatch/middleware/templates/rescues/_trace.erb (4.4ms)
  Rendered /home/shakes/.rvm/gems/ruby-1.9.2-p290/gems/actionpack-3.2.0/lib/action_dispatch/middleware/templates/rescues/_request_and_response.erb (1.4ms)
  Rendered /home/shakes/.rvm/gems/ruby-1.9.2-p290/gems/actionpack-3.2.0/lib/action_dispatch/middleware/templates/rescues/diagnostics.erb within rescues/layout (9.8ms)


Started GET "/users/authenticate/2" for 127.0.0.1 at 2012-04-09 09:19:21 +0200

ActionController::RoutingError (uninitialized constant UsersController::Oauth):
  app/controllers/users_controller.rb:4:in `<class:UsersController>'
  app/controllers/users_controller.rb:1:in `<top (required)>'


  Rendered /home/shakes/.rvm/gems/ruby-1.9.2-p290/gems/actionpack-3.2.0/lib/action_dispatch/middleware/templates/rescues/routing_error.erb within rescues/layout (0.9ms)


Started GET "/users/authenticate/2" for 127.0.0.1 at 2012-04-09 09:20:13 +0200
Processing by UsersController#authenticate as HTML
  Parameters: {"id"=>"2"}
  Rendered users/authenticate.html.erb within layouts/application (0.5ms)
Completed 200 OK in 33ms (Views: 32.8ms | ActiveRecord: 0.0ms)


Started GET "/assets/users.js?body=1" for 127.0.0.1 at 2012-04-09 09:20:13 +0200
Served asset /users.js - 304 Not Modified (2ms)


Started GET "/assets/sessions.js?body=1" for 127.0.0.1 at 2012-04-09 09:20:13 +0200
Served asset /sessions.js - 304 Not Modified (11ms)


Started GET "/assets/users.css?body=1" for 127.0.0.1 at 2012-04-09 09:20:13 +0200
Served asset /users.css - 304 Not Modified (1ms)


Started GET "/assets/accounts.js?body=1" for 127.0.0.1 at 2012-04-09 09:20:13 +0200
Served asset /accounts.js - 304 Not Modified (0ms)


Started GET "/assets/jquery.js?body=1" for 127.0.0.1 at 2012-04-09 09:20:13 +0200
Served asset /jquery.js - 304 Not Modified (1ms)


Started GET "/assets/jquery_ujs.js?body=1" for 127.0.0.1 at 2012-04-09 09:20:13 +0200
Served asset /jquery_ujs.js - 304 Not Modified (0ms)


Started GET "/assets/application.js?body=1" for 127.0.0.1 at 2012-04-09 09:20:13 +0200
Served asset /application.js - 304 Not Modified (4ms)


Started GET "/users/authenticate/2" for 127.0.0.1 at 2012-04-09 09:20:58 +0200
Processing by UsersController#authenticate as HTML
  Parameters: {"id"=>"2"}
  Rendered users/authenticate.html.erb within layouts/application (0.0ms)
Completed 200 OK in 31ms (Views: 30.5ms | ActiveRecord: 0.0ms)


Started GET "/assets/users.css?body=1" for 127.0.0.1 at 2012-04-09 09:20:58 +0200
Served asset /users.css - 304 Not Modified (10ms)


Started GET "/assets/jquery.js?body=1" for 127.0.0.1 at 2012-04-09 09:20:58 +0200
Served asset /jquery.js - 304 Not Modified (4ms)


Started GET "/assets/jquery_ujs.js?body=1" for 127.0.0.1 at 2012-04-09 09:20:58 +0200
Served asset /jquery_ujs.js - 304 Not Modified (0ms)


Started GET "/assets/accounts.js?body=1" for 127.0.0.1 at 2012-04-09 09:20:58 +0200
Served asset /accounts.js - 304 Not Modified (1ms)


Started GET "/assets/sessions.js?body=1" for 127.0.0.1 at 2012-04-09 09:20:58 +0200
Served asset /sessions.js - 304 Not Modified (0ms)


Started GET "/assets/users.js?body=1" for 127.0.0.1 at 2012-04-09 09:20:58 +0200
Served asset /users.js - 304 Not Modified (0ms)


Started GET "/assets/application.js?body=1" for 127.0.0.1 at 2012-04-09 09:20:58 +0200
Served asset /application.js - 304 Not Modified (4ms)


Started GET "/users/authenticate/2" for 127.0.0.1 at 2012-04-09 09:22:34 +0200

ActionController::RoutingError (uninitialized constant UsersController::Oauth):
  app/controllers/users_controller.rb:4:in `<class:UsersController>'
  app/controllers/users_controller.rb:1:in `<top (required)>'


  Rendered /home/shakes/.rvm/gems/ruby-1.9.2-p290/gems/actionpack-3.2.0/lib/action_dispatch/middleware/templates/rescues/routing_error.erb within rescues/layout (0.7ms)


Started GET "/users/authenticate/2" for 127.0.0.1 at 2012-04-09 09:23:00 +0200
Processing by UsersController#authenticate as HTML
  Parameters: {"id"=>"2"}
  Rendered users/authenticate.html.erb within layouts/application (0.1ms)
Completed 200 OK in 32ms (Views: 31.6ms | ActiveRecord: 0.0ms)


Started GET "/assets/users.css?body=1" for 127.0.0.1 at 2012-04-09 09:23:00 +0200
Served asset /users.css - 304 Not Modified (10ms)


Started GET "/assets/accounts.js?body=1" for 127.0.0.1 at 2012-04-09 09:23:00 +0200
Served asset /accounts.js - 304 Not Modified (9ms)


Started GET "/assets/jquery_ujs.js?body=1" for 127.0.0.1 at 2012-04-09 09:23:00 +0200
Served asset /jquery_ujs.js - 304 Not Modified (0ms)


Started GET "/assets/jquery.js?body=1" for 127.0.0.1 at 2012-04-09 09:23:00 +0200
Served asset /jquery.js - 304 Not Modified (1ms)


Started GET "/assets/sessions.js?body=1" for 127.0.0.1 at 2012-04-09 09:23:00 +0200
Served asset /sessions.js - 304 Not Modified (0ms)


Started GET "/assets/application.js?body=1" for 127.0.0.1 at 2012-04-09 09:23:00 +0200
Served asset /application.js - 304 Not Modified (4ms)


Started GET "/assets/users.js?body=1" for 127.0.0.1 at 2012-04-09 09:23:00 +0200
Served asset /users.js - 304 Not Modified (1ms)


Started GET "/users" for 127.0.0.1 at 2012-04-09 09:23:40 +0200

ActionController::RoutingError (uninitialized constant UsersController::Oauth):
  app/controllers/users_controller.rb:4:in `<class:UsersController>'
  app/controllers/users_controller.rb:1:in `<top (required)>'


  Rendered /home/shakes/.rvm/gems/ruby-1.9.2-p290/gems/actionpack-3.2.0/lib/action_dispatch/middleware/templates/rescues/routing_error.erb within rescues/layout (0.8ms)


Started GET "/users" for 127.0.0.1 at 2012-04-09 09:23:43 +0200
Processing by UsersController#index as HTML
  Rendered users/index.html.erb within layouts/application (71.5ms)
Completed 500 Internal Server Error in 91ms

ActionView::Template::Error (undefined method `each' for nil:NilClass):
    9:     <th></th>
    10:   </tr>
    11: 
    12: <% @users.each do |user| %>
    13:   <tr>
    14:     <td><%= user.username %></td>
    15:     <td><%= user.password %></td>
  app/views/users/index.html.erb:12:in `_app_views_users_index_html_erb__278400304_88117530'


  Rendered /home/shakes/.rvm/gems/ruby-1.9.2-p290/gems/actionpack-3.2.0/lib/action_dispatch/middleware/templates/rescues/_trace.erb (5.8ms)
  Rendered /home/shakes/.rvm/gems/ruby-1.9.2-p290/gems/actionpack-3.2.0/lib/action_dispatch/middleware/templates/rescues/_request_and_response.erb (1.4ms)
  Rendered /home/shakes/.rvm/gems/ruby-1.9.2-p290/gems/actionpack-3.2.0/lib/action_dispatch/middleware/templates/rescues/template_error.erb within rescues/layout (10.5ms)


Started GET "/users" for 127.0.0.1 at 2012-04-09 09:23:55 +0200
Processing by UsersController#index as HTML
  Rendered users/index.html.erb within layouts/application (5.4ms)
Completed 500 Internal Server Error in 18ms

ActionView::Template::Error (undefined method `each' for nil:NilClass):
    9:     <th></th>
    10:   </tr>
    11: 
    12: <% @users.each do |user| %>
    13:   <tr>
    14:     <td><%= user.username %></td>
    15:     <td><%= user.password %></td>
  app/views/users/index.html.erb:12:in `_app_views_users_index_html_erb__278400304_88117530'


  Rendered /home/shakes/.rvm/gems/ruby-1.9.2-p290/gems/actionpack-3.2.0/lib/action_dispatch/middleware/templates/rescues/_trace.erb (8.0ms)
  Rendered /home/shakes/.rvm/gems/ruby-1.9.2-p290/gems/actionpack-3.2.0/lib/action_dispatch/middleware/templates/rescues/_request_and_response.erb (1.4ms)
  Rendered /home/shakes/.rvm/gems/ruby-1.9.2-p290/gems/actionpack-3.2.0/lib/action_dispatch/middleware/templates/rescues/template_error.erb within rescues/layout (12.8ms)


Started GET "/users" for 127.0.0.1 at 2012-04-09 09:24:58 +0200

ActionController::RoutingError (uninitialized constant UsersController::Oauth):
  app/controllers/users_controller.rb:4:in `<class:UsersController>'
  app/controllers/users_controller.rb:1:in `<top (required)>'


  Rendered /home/shakes/.rvm/gems/ruby-1.9.2-p290/gems/actionpack-3.2.0/lib/action_dispatch/middleware/templates/rescues/routing_error.erb within rescues/layout (0.9ms)


Started GET "/users" for 127.0.0.1 at 2012-04-09 09:25:03 +0200
Processing by UsersController#index as HTML
  Rendered users/index.html.erb within layouts/application (7.5ms)
Completed 500 Internal Server Error in 20ms

ActionView::Template::Error (undefined method `each' for nil:NilClass):
    9:     <th></th>
    10:   </tr>
    11: 
    12: <% @users.each do |user| %>
    13:   <tr>
    14:     <td><%= user.username %></td>
    15:     <td><%= user.password %></td>
  app/views/users/index.html.erb:12:in `_app_views_users_index_html_erb__278400304_88117530'


  Rendered /home/shakes/.rvm/gems/ruby-1.9.2-p290/gems/actionpack-3.2.0/lib/action_dispatch/middleware/templates/rescues/_trace.erb (6.1ms)
  Rendered /home/shakes/.rvm/gems/ruby-1.9.2-p290/gems/actionpack-3.2.0/lib/action_dispatch/middleware/templates/rescues/_request_and_response.erb (1.6ms)
  Rendered /home/shakes/.rvm/gems/ruby-1.9.2-p290/gems/actionpack-3.2.0/lib/action_dispatch/middleware/templates/rescues/template_error.erb within rescues/layout (11.2ms)


Started GET "/users" for 127.0.0.1 at 2012-04-09 09:25:54 +0200
Processing by UsersController#index as HTML
  [1m[35mUser Load (0.7ms)[0m  SELECT "users".* FROM "users" 
  Rendered users/index.html.erb within layouts/application (2.9ms)
Completed 200 OK in 42ms (Views: 32.1ms | ActiveRecord: 0.7ms)


Started GET "/assets/application.css?body=1" for 127.0.0.1 at 2012-04-09 09:25:54 +0200
Served asset /application.css - 304 Not Modified (266ms)


Started GET "/assets/jquery.js?body=1" for 127.0.0.1 at 2012-04-09 09:25:54 +0200
Served asset /jquery.js - 304 Not Modified (1ms)


Started GET "/assets/scaffolds.css?body=1" for 127.0.0.1 at 2012-04-09 09:25:54 +0200
Served asset /scaffolds.css - 304 Not Modified (10ms)


Started GET "/assets/accounts.css?body=1" for 127.0.0.1 at 2012-04-09 09:25:54 +0200
Served asset /accounts.css - 304 Not Modified (8ms)


Started GET "/assets/users.css?body=1" for 127.0.0.1 at 2012-04-09 09:25:54 +0200
Served asset /users.css - 304 Not Modified (4ms)


Started GET "/assets/sessions.css?body=1" for 127.0.0.1 at 2012-04-09 09:25:54 +0200
Served asset /sessions.css - 304 Not Modified (8ms)


Started GET "/assets/jquery_ujs.js?body=1" for 127.0.0.1 at 2012-04-09 09:25:54 +0200
Served asset /jquery_ujs.js - 304 Not Modified (0ms)


Started GET "/assets/accounts.js?body=1" for 127.0.0.1 at 2012-04-09 09:25:54 +0200
Served asset /accounts.js - 304 Not Modified (1ms)


Started GET "/assets/sessions.js?body=1" for 127.0.0.1 at 2012-04-09 09:25:54 +0200
Served asset /sessions.js - 304 Not Modified (0ms)


Started GET "/assets/users.js?body=1" for 127.0.0.1 at 2012-04-09 09:25:54 +0200
Served asset /users.js - 304 Not Modified (1ms)


Started GET "/assets/application.js?body=1" for 127.0.0.1 at 2012-04-09 09:25:54 +0200
Served asset /application.js - 304 Not Modified (4ms)


Started GET "/users" for 127.0.0.1 at 2012-04-09 09:27:02 +0200
Processing by UsersController#index as HTML
  [1m[36mUser Load (1.4ms)[0m  [1mSELECT "users".* FROM "users" [0m
  Rendered users/index.html.erb within layouts/application (3.0ms)
Completed 200 OK in 89ms (Views: 33.0ms | ActiveRecord: 1.4ms)


Started GET "/assets/application.css?body=1" for 127.0.0.1 at 2012-04-09 09:27:02 +0200
Served asset /application.css - 304 Not Modified (7ms)


Started GET "/assets/accounts.css?body=1" for 127.0.0.1 at 2012-04-09 09:27:02 +0200
Served asset /accounts.css - 304 Not Modified (0ms)


Started GET "/assets/scaffolds.css?body=1" for 127.0.0.1 at 2012-04-09 09:27:02 +0200
Served asset /scaffolds.css - 304 Not Modified (6ms)


Started GET "/assets/sessions.css?body=1" for 127.0.0.1 at 2012-04-09 09:27:02 +0200
Served asset /sessions.css - 304 Not Modified (0ms)


Started GET "/assets/jquery.js?body=1" for 127.0.0.1 at 2012-04-09 09:27:02 +0200
Served asset /jquery.js - 304 Not Modified (1ms)


Started GET "/assets/users.css?body=1" for 127.0.0.1 at 2012-04-09 09:27:02 +0200
Served asset /users.css - 304 Not Modified (9ms)


Started GET "/assets/jquery_ujs.js?body=1" for 127.0.0.1 at 2012-04-09 09:27:02 +0200
Served asset /jquery_ujs.js - 304 Not Modified (0ms)


Started GET "/assets/accounts.js?body=1" for 127.0.0.1 at 2012-04-09 09:27:02 +0200
Served asset /accounts.js - 304 Not Modified (0ms)


Started GET "/assets/users.js?body=1" for 127.0.0.1 at 2012-04-09 09:27:02 +0200
Served asset /users.js - 304 Not Modified (2ms)


Started GET "/assets/sessions.js?body=1" for 127.0.0.1 at 2012-04-09 09:27:02 +0200
Served asset /sessions.js - 304 Not Modified (0ms)


Started GET "/assets/application.js?body=1" for 127.0.0.1 at 2012-04-09 09:27:02 +0200
Served asset /application.js - 304 Not Modified (8ms)


Started GET "/users" for 127.0.0.1 at 2012-04-09 09:28:47 +0200

ActionController::RoutingError (uninitialized constant UsersController::Oauth):
  app/controllers/users_controller.rb:85:in `<class:UsersController>'
  app/controllers/users_controller.rb:1:in `<top (required)>'


  Rendered /home/shakes/.rvm/gems/ruby-1.9.2-p290/gems/actionpack-3.2.0/lib/action_dispatch/middleware/templates/rescues/routing_error.erb within rescues/layout (0.7ms)


Started GET "/users" for 127.0.0.1 at 2012-04-09 09:28:49 +0200
Processing by UsersController#index as HTML
  [1m[35mUser Load (0.6ms)[0m  SELECT "users".* FROM "users" 
  Rendered users/index.html.erb within layouts/application (2.6ms)
Completed 200 OK in 48ms (Views: 37.9ms | ActiveRecord: 0.6ms)


Started GET "/assets/application.css?body=1" for 127.0.0.1 at 2012-04-09 09:28:49 +0200
Served asset /application.css - 304 Not Modified (17ms)


Started GET "/assets/scaffolds.css?body=1" for 127.0.0.1 at 2012-04-09 09:28:49 +0200
Served asset /scaffolds.css - 304 Not Modified (5ms)


Started GET "/assets/accounts.css?body=1" for 127.0.0.1 at 2012-04-09 09:28:49 +0200
Served asset /accounts.css - 304 Not Modified (1ms)


Started GET "/assets/sessions.css?body=1" for 127.0.0.1 at 2012-04-09 09:28:49 +0200
Served asset /sessions.css - 304 Not Modified (3ms)


Started GET "/assets/users.css?body=1" for 127.0.0.1 at 2012-04-09 09:28:49 +0200
Served asset /users.css - 304 Not Modified (1ms)


Started GET "/assets/accounts.js?body=1" for 127.0.0.1 at 2012-04-09 09:28:49 +0200
Served asset /accounts.js - 304 Not Modified (8ms)


Started GET "/assets/jquery_ujs.js?body=1" for 127.0.0.1 at 2012-04-09 09:28:49 +0200
Served asset /jquery_ujs.js - 304 Not Modified (0ms)


Started GET "/assets/jquery.js?body=1" for 127.0.0.1 at 2012-04-09 09:28:49 +0200
Served asset /jquery.js - 304 Not Modified (1ms)


Started GET "/assets/sessions.js?body=1" for 127.0.0.1 at 2012-04-09 09:28:49 +0200
Served asset /sessions.js - 304 Not Modified (0ms)


Started GET "/assets/users.js?body=1" for 127.0.0.1 at 2012-04-09 09:28:49 +0200
Served asset /users.js - 304 Not Modified (1ms)


Started GET "/assets/application.js?body=1" for 127.0.0.1 at 2012-04-09 09:28:49 +0200
Served asset /application.js - 304 Not Modified (5ms)


Started GET "/users/2" for 127.0.0.1 at 2012-04-09 09:28:52 +0200
Processing by UsersController#show as HTML
  Parameters: {"id"=>"2"}
  [1m[36mUser Load (0.6ms)[0m  [1mSELECT "users".* FROM "users" WHERE "users"."id" = ? LIMIT 1[0m  [["id", "2"]]
  Rendered users/show.html.erb within layouts/application (2.4ms)
Completed 200 OK in 80ms (Views: 77.1ms | ActiveRecord: 0.6ms)


Started GET "/assets/application.css?body=1" for 127.0.0.1 at 2012-04-09 09:28:53 +0200
Served asset /application.css - 304 Not Modified (5ms)


Started GET "/assets/accounts.css?body=1" for 127.0.0.1 at 2012-04-09 09:28:53 +0200
Served asset /accounts.css - 304 Not Modified (3ms)


Started GET "/assets/jquery.js?body=1" for 127.0.0.1 at 2012-04-09 09:28:53 +0200
Served asset /jquery.js - 304 Not Modified (4ms)


Started GET "/assets/users.css?body=1" for 127.0.0.1 at 2012-04-09 09:28:53 +0200
Served asset /users.css - 304 Not Modified (0ms)


Started GET "/assets/sessions.css?body=1" for 127.0.0.1 at 2012-04-09 09:28:53 +0200
Served asset /sessions.css - 304 Not Modified (0ms)


Started GET "/assets/sessions.js?body=1" for 127.0.0.1 at 2012-04-09 09:28:53 +0200
Served asset /sessions.js - 304 Not Modified (6ms)


Started GET "/assets/jquery_ujs.js?body=1" for 127.0.0.1 at 2012-04-09 09:28:53 +0200
Served asset /jquery_ujs.js - 304 Not Modified (0ms)


Started GET "/assets/accounts.js?body=1" for 127.0.0.1 at 2012-04-09 09:28:53 +0200
Served asset /accounts.js - 304 Not Modified (1ms)


Started GET "/assets/scaffolds.css?body=1" for 127.0.0.1 at 2012-04-09 09:28:53 +0200
Served asset /scaffolds.css - 304 Not Modified (1ms)


Started GET "/assets/application.js?body=1" for 127.0.0.1 at 2012-04-09 09:28:53 +0200
Served asset /application.js - 304 Not Modified (4ms)


Started GET "/assets/users.js?body=1" for 127.0.0.1 at 2012-04-09 09:28:53 +0200
Served asset /users.js - 304 Not Modified (1ms)


Started GET "/users/authenticate/2" for 127.0.0.1 at 2012-04-09 09:28:54 +0200
Processing by UsersController#authenticate as HTML
  Parameters: {"id"=>"2"}
  Rendered users/authenticate.html.erb within layouts/application (0.1ms)
Completed 200 OK in 41ms (Views: 40.6ms | ActiveRecord: 0.0ms)


Started GET "/assets/application.css?body=1" for 127.0.0.1 at 2012-04-09 09:28:54 +0200
Served asset /application.css - 304 Not Modified (8ms)


Started GET "/assets/accounts.css?body=1" for 127.0.0.1 at 2012-04-09 09:28:54 +0200
Served asset /accounts.css - 304 Not Modified (3ms)


Started GET "/assets/jquery.js?body=1" for 127.0.0.1 at 2012-04-09 09:28:54 +0200
Served asset /jquery.js - 304 Not Modified (1ms)


Started GET "/assets/sessions.js?body=1" for 127.0.0.1 at 2012-04-09 09:28:54 +0200
Served asset /sessions.js - 304 Not Modified (2ms)


Started GET "/assets/users.css?body=1" for 127.0.0.1 at 2012-04-09 09:28:54 +0200
Served asset /users.css - 304 Not Modified (1ms)


Started GET "/assets/sessions.css?body=1" for 127.0.0.1 at 2012-04-09 09:28:54 +0200
Served asset /sessions.css - 304 Not Modified (0ms)


Started GET "/assets/jquery_ujs.js?body=1" for 127.0.0.1 at 2012-04-09 09:28:54 +0200
Served asset /jquery_ujs.js - 304 Not Modified (3ms)


Started GET "/assets/accounts.js?body=1" for 127.0.0.1 at 2012-04-09 09:28:54 +0200
Served asset /accounts.js - 304 Not Modified (1ms)


Started GET "/assets/scaffolds.css?body=1" for 127.0.0.1 at 2012-04-09 09:28:54 +0200
Served asset /scaffolds.css - 304 Not Modified (0ms)


Started GET "/assets/application.js?body=1" for 127.0.0.1 at 2012-04-09 09:28:54 +0200
Served asset /application.js - 304 Not Modified (5ms)


Started GET "/assets/users.js?body=1" for 127.0.0.1 at 2012-04-09 09:28:54 +0200
Served asset /users.js - 304 Not Modified (1ms)
